<?xml version="1.0" encoding="UTF-8"?>
<!-- Generated by org.testng.reporters.JUnitReportReporter -->
<testsuite hostname="SekolahMusAir2.lan" failures="0" tests="3" name="org.trip.flight.FlightTest" time="122.323" errors="0" timestamp="2024-02-04T15:43:03 WIB" skipped="0">
  <testcase classname="org.trip.flight.FlightTest" name="searchFlightsBangkokSingapore" time="31.469"/>
  <testcase classname="org.trip.flight.FlightTest" name="searchFlightWithFilterRefundable" time="42.031"/>
  <testcase classname="org.trip.flight.FlightTest" name="searchFlightWithMultiplePopularFilter" time="48.823"/>
</testsuite> <!-- org.trip.flight.FlightTest -->
